
  è‡ªåˆ†ã®ãƒ¦ãƒ¼ã‚¶è©³ç´°ç”»é¢ã®ãƒ†ã‚¹ãƒˆ
    è¡¨ç¤ºã®ç¢ºèª
[32m      URLãŒæ­£ã—ã„[0m
[32m      æŠ•ç¨¿ä¸€è¦§ã®ãƒ¦ãƒ¼ã‚¶ç”»åƒã®ãƒªãƒ³ã‚¯å…ˆãŒæ­£ã—ã„[0m
[31m      æŠ•ç¨¿ä¸€è¦§ã«è‡ªåˆ†ã®æŠ•ç¨¿ã®titleãŒè¡¨ç¤ºã•ã‚Œã€ãƒªãƒ³ã‚¯ãŒæ­£ã—ã„ (FAILED - 1)[0m
[32m      æŠ•ç¨¿ä¸€è¦§ã«è‡ªåˆ†ã®æŠ•ç¨¿ã®opinionãŒè¡¨ç¤ºã•ã‚Œã‚‹[0m
[32m      ä»–äººã®æŠ•ç¨¿ã¯è¡¨ç¤ºã•ã‚Œãªã„[0m
    ä»–äººã®ãƒ¦ãƒ¼ã‚¶è©³ç´°ç”»é¢ã®ãƒ†ã‚¹ãƒˆ
      è¡¨ç¤ºã®ç¢ºèª
[32m        URLãŒæ­£ã—ã„[0m
[31m        æŠ•ç¨¿ä¸€è¦§ã®ãƒ¦ãƒ¼ã‚¶ç”»åƒã®ãƒªãƒ³ã‚¯å…ˆãŒæ­£ã—ã„ (FAILED - 2)[0m
[31m        æŠ•ç¨¿ä¸€è¦§ã«ä»–äººã®æŠ•ç¨¿ã®titleãŒè¡¨ç¤ºã•ã‚Œã€ãƒªãƒ³ã‚¯ãŒæ­£ã—ã„ (FAILED - 3)[0m

Failures:

  1) [STEP2] ãƒ¦ãƒ¼ã‚¶ãƒ­ã‚°ã‚¤ãƒ³å¾Œã®ãƒ†ã‚¹ãƒˆ è‡ªåˆ†ã®ãƒ¦ãƒ¼ã‚¶è©³ç´°ç”»é¢ã®ãƒ†ã‚¹ãƒˆ è¡¨ç¤ºã®ç¢ºèª æŠ•ç¨¿ä¸€è¦§ã«è‡ªåˆ†ã®æŠ•ç¨¿ã®titleãŒè¡¨ç¤ºã•ã‚Œã€ãƒªãƒ³ã‚¯ãŒæ­£ã—ã„
     [31mFailure/Error: expect(page).to have_link book.title, href: book_path(book)[0m
     [31m  expected to find link "3927i" with href "/books/1" but there were no matches[0m
     [36m# ./spec/system/02_after_login_spec.rb:322:in `block (4 levels) in <main>'[0m

  2) [STEP3] ä»•ä¸Šã’ã®ãƒ†ã‚¹ãƒˆ ä»–äººã®ç”»é¢ã®ãƒ†ã‚¹ãƒˆ ä»–äººã®ãƒ¦ãƒ¼ã‚¶è©³ç´°ç”»é¢ã®ãƒ†ã‚¹ãƒˆ è¡¨ç¤ºã®ç¢ºèª æŠ•ç¨¿ä¸€è¦§ã®ãƒ¦ãƒ¼ã‚¶ç”»åƒã®ãƒªãƒ³ã‚¯å…ˆãŒæ­£ã—ã„
     [31mFailure/Error: expect(page).to have_link '', href: user_path(other_user)[0m
     [31m  expected to find link "" with href "/users/1" but there were no matches[0m
     [36m# ./spec/system/03_finishing_touches_spec.rb:277:in `block (5 levels) in <main>'[0m

  3) [STEP3] ä»•ä¸Šã’ã®ãƒ†ã‚¹ãƒˆ ä»–äººã®ç”»é¢ã®ãƒ†ã‚¹ãƒˆ ä»–äººã®ãƒ¦ãƒ¼ã‚¶è©³ç´°ç”»é¢ã®ãƒ†ã‚¹ãƒˆ è¡¨ç¤ºã®ç¢ºèª æŠ•ç¨¿ä¸€è¦§ã«ä»–äººã®æŠ•ç¨¿ã®titleãŒè¡¨ç¤ºã•ã‚Œã€ãƒªãƒ³ã‚¯ãŒæ­£ã—ã„
     [31mFailure/Error: expect(page).to have_link other_book.title, href: book_path(other_book)[0m
     [31m  expected to find link "w14rl" with href "/books/2" but there were no matches[0m
     [36m# ./spec/system/03_finishing_touches_spec.rb:280:in `block (5 levels) in <main>'[0m

Finished in 31.46 seconds (files took 0.95525 seconds to load)
[31m199 examples, 3 failures[0m

Failed examples:

[31mrspec ./spec/system/02_after_login_spec.rb:321[0m [36m# [STEP2] ãƒ¦ãƒ¼ã‚¶ãƒ­ã‚°ã‚¤ãƒ³å¾Œã®ãƒ†ã‚¹ãƒˆ è‡ªåˆ†ã®ãƒ¦ãƒ¼ã‚¶è©³ç´°ç”»é¢ã®ãƒ†ã‚¹ãƒˆ è¡¨ç¤ºã®ç¢ºèª æŠ•ç¨¿ä¸€è¦§ã«è‡ªåˆ†ã®æŠ•ç¨¿ã®titleãŒè¡¨ç¤ºã•ã‚Œã€ãƒªãƒ³ã‚¯ãŒæ­£ã—ã„[0m
[31mrspec ./spec/system/03_finishing_touches_spec.rb:276[0m [36m# [STEP3] ä»•ä¸Šã’ã®ãƒ†ã‚¹ãƒˆ ä»–äººã®ç”»é¢ã®ãƒ†ã‚¹ãƒˆ ä»–äººã®ãƒ¦ãƒ¼ã‚¶è©³ç´°ç”»é¢ã®ãƒ†ã‚¹ãƒˆ è¡¨ç¤ºã®ç¢ºèª æŠ•ç¨¿ä¸€è¦§ã®ãƒ¦ãƒ¼ã‚¶ç”»åƒã®ãƒªãƒ³ã‚¯å…ˆãŒæ­£ã—ã„[0m
[31mrspec ./spec/system/03_finishing_touches_spec.rb:279[0m [36m# [STEP3] ä»•ä¸Šã’ã®ãƒ†ã‚¹ãƒˆ ä»–äººã®ç”»é¢ã®ãƒ†ã‚¹ãƒˆ ä»–äººã®ãƒ¦ãƒ¼ã‚¶è©³ç´°ç”»é¢ã®ãƒ†ã‚¹ãƒˆ è¡¨ç¤ºã®ç¢ºèª æŠ•ç¨¿ä¸€è¦§ã«ä»–äººã®æŠ•ç¨¿ã®titleãŒè¡¨ç¤ºã•ã‚Œã€ãƒªãƒ³ã‚¯ãŒæ­£ã—ã„[0m

